
> phanvanhoang_cdtt@0.1.0 build
> next build --turbopack

   ▲ Next.js 15.5.2 (Turbopack)
   - Environments: .env.production

   Creating an optimized production build ...
 ⚠ Slow filesystem detected. The benchmark took 1065ms. If D:\PhanVanHoang_2123110351_CDTT\phanvanhoang_cdtt\.next is a network drive, consider moving it to a local folder. If you have an antivirus enabled, consider excluding your project directory.
 ✓ Finished writing to disk in 706ms

> Build error occurred
Error: Turbopack build failed with 44 errors:
./src/app/(admin)/admin/banners/[id]/edit/page.js:177:23
Invalid page configuration
[0m [90m 175 |[39m }
 [90m 176 |[39m
[31m[1m>[22m[39m[90m 177 |[39m [36mexport[39m [36masync[39m [36mfunction[39m generateStaticParams() { [36mreturn[39m [][33m;[39m }
 [90m     |[39m                       [31m[1m^[22m[39m[31m[1m^[22m[39m[31m[1m^[22m[39m[31m[1m^[22m[39m[31m[1m^[22m[39m[31m[1m^[22m[39m[31m[1m^[22m[39m[31m[1m^[22m[39m[31m[1m^[22m[39m[31m[1m^[22m[39m[31m[1m^[22m[39m[31m[1m^[22m[39m[31m[1m^[22m[39m[31m[1m^[22m[39m[31m[1m^[22m[39m[31m[1m^[22m[39m[31m[1m^[22m[39m[31m[1m^[22m[39m[31m[1m^[22m[39m[31m[1m^[22m[39m
 [90m 178 |[39m[0m

Page "src/app/(admin)/admin/banners/[id]/edit/page.js" cannot use both "use client" and export function "generateStaticParams()".



./src/app/(admin)/admin/banners/[id]/edit/page.js:177:23
Invalid page configuration
[0m [90m 175 |[39m }
 [90m 176 |[39m
[31m[1m>[22m[39m[90m 177 |[39m [36mexport[39m [36masync[39m [36mfunction[39m generateStaticParams() { [36mreturn[39m [][33m;[39m }
 [90m     |[39m                       [31m[1m^[22m[39m[31m[1m^[22m[39m[31m[1m^[22m[39m[31m[1m^[22m[39m[31m[1m^[22m[39m[31m[1m^[22m[39m[31m[1m^[22m[39m[31m[1m^[22m[39m[31m[1m^[22m[39m[31m[1m^[22m[39m[31m[1m^[22m[39m[31m[1m^[22m[39m[31m[1m^[22m[39m[31m[1m^[22m[39m[31m[1m^[22m[39m[31m[1m^[22m[39m[31m[1m^[22m[39m[31m[1m^[22m[39m[31m[1m^[22m[39m[31m[1m^[22m[39m
 [90m 178 |[39m[0m

Page "src/app/(admin)/admin/banners/[id]/edit/page.js" cannot use both "use client" and export function "generateStaticParams()".



./src/app/(admin)/admin/categories/[id]/edit/page.js:200:23
Invalid page configuration
[0m [90m 198 |[39m }
 [90m 199 |[39m
[31m[1m>[22m[39m[90m 200 |[39m [36mexport[39m [36masync[39m [36mfunction[39m generateStaticParams() { [36mreturn[39m [][33m;[39m }
 [90m     |[39m                       [31m[1m^[22m[39m[31m[1m^[22m[39m[31m[1m^[22m[39m[31m[1m^[22m[39m[31m[1m^[22m[39m[31m[1m^[22m[39m[31m[1m^[22m[39m[31m[1m^[22m[39m[31m[1m^[22m[39m[31m[1m^[22m[39m[31m[1m^[22m[39m[31m[1m^[22m[39m[31m[1m^[22m[39m[31m[1m^[22m[39m[31m[1m^[22m[39m[31m[1m^[22m[39m[31m[1m^[22m[39m[31m[1m^[22m[39m[31m[1m^[22m[39m[31m[1m^[22m[39m
 [90m 201 |[39m[0m

Page "src/app/(admin)/admin/categories/[id]/edit/page.js" cannot use both "use client" and export function "generateStaticParams()".



./src/app/(admin)/admin/categories/[id]/edit/page.js:200:23
Invalid page configuration
[0m [90m 198 |[39m }
 [90m 199 |[39m
[31m[1m>[22m[39m[90m 200 |[39m [36mexport[39m [36masync[39m [36mfunction[39m generateStaticParams() { [36mreturn[39m [][33m;[39m }
 [90m     |[39m                       [31m[1m^[22m[39m[31m[1m^[22m[39m[31m[1m^[22m[39m[31m[1m^[22m[39m[31m[1m^[22m[39m[31m[1m^[22m[39m[31m[1m^[22m[39m[31m[1m^[22m[39m[31m[1m^[22m[39m[31m[1m^[22m[39m[31m[1m^[22m[39m[31m[1m^[22m[39m[31m[1m^[22m[39m[31m[1m^[22m[39m[31m[1m^[22m[39m[31m[1m^[22m[39m[31m[1m^[22m[39m[31m[1m^[22m[39m[31m[1m^[22m[39m[31m[1m^[22m[39m
 [90m 201 |[39m[0m

Page "src/app/(admin)/admin/categories/[id]/edit/page.js" cannot use both "use client" and export function "generateStaticParams()".



./src/app/(admin)/admin/categories/[id]/page.js:101:23
Invalid page configuration
[0m [90m  99 |[39m }
 [90m 100 |[39m
[31m[1m>[22m[39m[90m 101 |[39m [36mexport[39m [36masync[39m [36mfunction[39m generateStaticParams() { [36mreturn[39m [][33m;[39m }
 [90m     |[39m                       [31m[1m^[22m[39m[31m[1m^[22m[39m[31m[1m^[22m[39m[31m[1m^[22m[39m[31m[1m^[22m[39m[31m[1m^[22m[39m[31m[1m^[22m[39m[31m[1m^[22m[39m[31m[1m^[22m[39m[31m[1m^[22m[39m[31m[1m^[22m[39m[31m[1m^[22m[39m[31m[1m^[22m[39m[31m[1m^[22m[39m[31m[1m^[22m[39m[31m[1m^[22m[39m[31m[1m^[22m[39m[31m[1m^[22m[39m[31m[1m^[22m[39m[31m[1m^[22m[39m
 [90m 102 |[39m[0m

Page "src/app/(admin)/admin/categories/[id]/page.js" cannot use both "use client" and export function "generateStaticParams()".



./src/app/(admin)/admin/categories/[id]/page.js:101:23
Invalid page configuration
[0m [90m  99 |[39m }
 [90m 100 |[39m
[31m[1m>[22m[39m[90m 101 |[39m [36mexport[39m [36masync[39m [36mfunction[39m generateStaticParams() { [36mreturn[39m [][33m;[39m }
 [90m     |[39m                       [31m[1m^[22m[39m[31m[1m^[22m[39m[31m[1m^[22m[39m[31m[1m^[22m[39m[31m[1m^[22m[39m[31m[1m^[22m[39m[31m[1m^[22m[39m[31m[1m^[22m[39m[31m[1m^[22m[39m[31m[1m^[22m[39m[31m[1m^[22m[39m[31m[1m^[22m[39m[31m[1m^[22m[39m[31m[1m^[22m[39m[31m[1m^[22m[39m[31m[1m^[22m[39m[31m[1m^[22m[39m[31m[1m^[22m[39m[31m[1m^[22m[39m[31m[1m^[22m[39m
 [90m 102 |[39m[0m

Page "src/app/(admin)/admin/categories/[id]/page.js" cannot use both "use client" and export function "generateStaticParams()".



./src/app/(admin)/admin/contacts/[id]/edit/page.js:141:23
Invalid page configuration
[0m [90m 139 |[39m }
 [90m 140 |[39m
[31m[1m>[22m[39m[90m 141 |[39m [36mexport[39m [36masync[39m [36mfunction[39m generateStaticParams() { [36mreturn[39m [][33m;[39m }
 [90m     |[39m                       [31m[1m^[22m[39m[31m[1m^[22m[39m[31m[1m^[22m[39m[31m[1m^[22m[39m[31m[1m^[22m[39m[31m[1m^[22m[39m[31m[1m^[22m[39m[31m[1m^[22m[39m[31m[1m^[22m[39m[31m[1m^[22m[39m[31m[1m^[22m[39m[31m[1m^[22m[39m[31m[1m^[22m[39m[31m[1m^[22m[39m[31m[1m^[22m[39m[31m[1m^[22m[39m[31m[1m^[22m[39m[31m[1m^[22m[39m[31m[1m^[22m[39m[31m[1m^[22m[39m
 [90m 142 |[39m[0m

Page "src/app/(admin)/admin/contacts/[id]/edit/page.js" cannot use both "use client" and export function "generateStaticParams()".



./src/app/(admin)/admin/contacts/[id]/edit/page.js:141:23
Invalid page configuration
[0m [90m 139 |[39m }
 [90m 140 |[39m
[31m[1m>[22m[39m[90m 141 |[39m [36mexport[39m [36masync[39m [36mfunction[39m generateStaticParams() { [36mreturn[39m [][33m;[39m }
 [90m     |[39m                       [31m[1m^[22m[39m[31m[1m^[22m[39m[31m[1m^[22m[39m[31m[1m^[22m[39m[31m[1m^[22m[39m[31m[1m^[22m[39m[31m[1m^[22m[39m[31m[1m^[22m[39m[31m[1m^[22m[39m[31m[1m^[22m[39m[31m[1m^[22m[39m[31m[1m^[22m[39m[31m[1m^[22m[39m[31m[1m^[22m[39m[31m[1m^[22m[39m[31m[1m^[22m[39m[31m[1m^[22m[39m[31m[1m^[22m[39m[31m[1m^[22m[39m[31m[1m^[22m[39m
 [90m 142 |[39m[0m

Page "src/app/(admin)/admin/contacts/[id]/edit/page.js" cannot use both "use client" and export function "generateStaticParams()".



./src/app/(admin)/admin/contacts/[id]/page.js:86:23
Invalid page configuration
[0m [90m 84 |[39m }
 [90m 85 |[39m
[31m[1m>[22m[39m[90m 86 |[39m [36mexport[39m [36masync[39m [36mfunction[39m generateStaticParams() { [36mreturn[39m [][33m;[39m }
 [90m    |[39m                       [31m[1m^[22m[39m[31m[1m^[22m[39m[31m[1m^[22m[39m[31m[1m^[22m[39m[31m[1m^[22m[39m[31m[1m^[22m[39m[31m[1m^[22m[39m[31m[1m^[22m[39m[31m[1m^[22m[39m[31m[1m^[22m[39m[31m[1m^[22m[39m[31m[1m^[22m[39m[31m[1m^[22m[39m[31m[1m^[22m[39m[31m[1m^[22m[39m[31m[1m^[22m[39m[31m[1m^[22m[39m[31m[1m^[22m[39m[31m[1m^[22m[39m[31m[1m^[22m[39m
 [90m 87 |[39m[0m

Page "src/app/(admin)/admin/contacts/[id]/page.js" cannot use both "use client" and export function "generateStaticParams()".



./src/app/(admin)/admin/contacts/[id]/page.js:86:23
Invalid page configuration
[0m [90m 84 |[39m }
 [90m 85 |[39m
[31m[1m>[22m[39m[90m 86 |[39m [36mexport[39m [36masync[39m [36mfunction[39m generateStaticParams() { [36mreturn[39m [][33m;[39m }
 [90m    |[39m                       [31m[1m^[22m[39m[31m[1m^[22m[39m[31m[1m^[22m[39m[31m[1m^[22m[39m[31m[1m^[22m[39m[31m[1m^[22m[39m[31m[1m^[22m[39m[31m[1m^[22m[39m[31m[1m^[22m[39m[31m[1m^[22m[39m[31m[1m^[22m[39m[31m[1m^[22m[39m[31m[1m^[22m[39m[31m[1m^[22m[39m[31m[1m^[22m[39m[31m[1m^[22m[39m[31m[1m^[22m[39m[31m[1m^[22m[39m[31m[1m^[22m[39m[31m[1m^[22m[39m
 [90m 87 |[39m[0m

Page "src/app/(admin)/admin/contacts/[id]/page.js" cannot use both "use client" and export function "generateStaticParams()".



./src/app/(admin)/admin/menus/[id]/edit/page.js:96:23
Invalid page configuration
[0m [90m 94 |[39m }
 [90m 95 |[39m
[31m[1m>[22m[39m[90m 96 |[39m [36mexport[39m [36masync[39m [36mfunction[39m generateStaticParams() { [36mreturn[39m [][33m;[39m }
 [90m    |[39m                       [31m[1m^[22m[39m[31m[1m^[22m[39m[31m[1m^[22m[39m[31m[1m^[22m[39m[31m[1m^[22m[39m[31m[1m^[22m[39m[31m[1m^[22m[39m[31m[1m^[22m[39m[31m[1m^[22m[39m[31m[1m^[22m[39m[31m[1m^[22m[39m[31m[1m^[22m[39m[31m[1m^[22m[39m[31m[1m^[22m[39m[31m[1m^[22m[39m[31m[1m^[22m[39m[31m[1m^[22m[39m[31m[1m^[22m[39m[31m[1m^[22m[39m[31m[1m^[22m[39m
 [90m 97 |[39m[0m

Page "src/app/(admin)/admin/menus/[id]/edit/page.js" cannot use both "use client" and export function "generateStaticParams()".



./src/app/(admin)/admin/menus/[id]/edit/page.js:96:23
Invalid page configuration
[0m [90m 94 |[39m }
 [90m 95 |[39m
[31m[1m>[22m[39m[90m 96 |[39m [36mexport[39m [36masync[39m [36mfunction[39m generateStaticParams() { [36mreturn[39m [][33m;[39m }
 [90m    |[39m                       [31m[1m^[22m[39m[31m[1m^[22m[39m[31m[1m^[22m[39m[31m[1m^[22m[39m[31m[1m^[22m[39m[31m[1m^[22m[39m[31m[1m^[22m[39m[31m[1m^[22m[39m[31m[1m^[22m[39m[31m[1m^[22m[39m[31m[1m^[22m[39m[31m[1m^[22m[39m[31m[1m^[22m[39m[31m[1m^[22m[39m[31m[1m^[22m[39m[31m[1m^[22m[39m[31m[1m^[22m[39m[31m[1m^[22m[39m[31m[1m^[22m[39m[31m[1m^[22m[39m
 [90m 97 |[39m[0m

Page "src/app/(admin)/admin/menus/[id]/edit/page.js" cannot use both "use client" and export function "generateStaticParams()".



./src/app/(admin)/admin/menus/[id]/page.js:43:23
Invalid page configuration
[0m [90m 41 |[39m }
 [90m 42 |[39m
[31m[1m>[22m[39m[90m 43 |[39m [36mexport[39m [36masync[39m [36mfunction[39m generateStaticParams() { [36mreturn[39m [][33m;[39m }
 [90m    |[39m                       [31m[1m^[22m[39m[31m[1m^[22m[39m[31m[1m^[22m[39m[31m[1m^[22m[39m[31m[1m^[22m[39m[31m[1m^[22m[39m[31m[1m^[22m[39m[31m[1m^[22m[39m[31m[1m^[22m[39m[31m[1m^[22m[39m[31m[1m^[22m[39m[31m[1m^[22m[39m[31m[1m^[22m[39m[31m[1m^[22m[39m[31m[1m^[22m[39m[31m[1m^[22m[39m[31m[1m^[22m[39m[31m[1m^[22m[39m[31m[1m^[22m[39m[31m[1m^[22m[39m
 [90m 44 |[39m[0m

Page "src/app/(admin)/admin/menus/[id]/page.js" cannot use both "use client" and export function "generateStaticParams()".



./src/app/(admin)/admin/menus/[id]/page.js:43:23
Invalid page configuration
[0m [90m 41 |[39m }
 [90m 42 |[39m
[31m[1m>[22m[39m[90m 43 |[39m [36mexport[39m [36masync[39m [36mfunction[39m generateStaticParams() { [36mreturn[39m [][33m;[39m }
 [90m    |[39m                       [31m[1m^[22m[39m[31m[1m^[22m[39m[31m[1m^[22m[39m[31m[1m^[22m[39m[31m[1m^[22m[39m[31m[1m^[22m[39m[31m[1m^[22m[39m[31m[1m^[22m[39m[31m[1m^[22m[39m[31m[1m^[22m[39m[31m[1m^[22m[39m[31m[1m^[22m[39m[31m[1m^[22m[39m[31m[1m^[22m[39m[31m[1m^[22m[39m[31m[1m^[22m[39m[31m[1m^[22m[39m[31m[1m^[22m[39m[31m[1m^[22m[39m[31m[1m^[22m[39m
 [90m 44 |[39m[0m

Page "src/app/(admin)/admin/menus/[id]/page.js" cannot use both "use client" and export function "generateStaticParams()".



./src/app/(admin)/admin/orders/[id]/edit/page.js:143:23
Invalid page configuration
[0m [90m 141 |[39m }
 [90m 142 |[39m
[31m[1m>[22m[39m[90m 143 |[39m [36mexport[39m [36masync[39m [36mfunction[39m generateStaticParams() { [36mreturn[39m [][33m;[39m }
 [90m     |[39m                       [31m[1m^[22m[39m[31m[1m^[22m[39m[31m[1m^[22m[39m[31m[1m^[22m[39m[31m[1m^[22m[39m[31m[1m^[22m[39m[31m[1m^[22m[39m[31m[1m^[22m[39m[31m[1m^[22m[39m[31m[1m^[22m[39m[31m[1m^[22m[39m[31m[1m^[22m[39m[31m[1m^[22m[39m[31m[1m^[22m[39m[31m[1m^[22m[39m[31m[1m^[22m[39m[31m[1m^[22m[39m[31m[1m^[22m[39m[31m[1m^[22m[39m[31m[1m^[22m[39m
 [90m 144 |[39m[0m

Page "src/app/(admin)/admin/orders/[id]/edit/page.js" cannot use both "use client" and export function "generateStaticParams()".



./src/app/(admin)/admin/orders/[id]/edit/page.js:143:23
Invalid page configuration
[0m [90m 141 |[39m }
 [90m 142 |[39m
[31m[1m>[22m[39m[90m 143 |[39m [36mexport[39m [36masync[39m [36mfunction[39m generateStaticParams() { [36mreturn[39m [][33m;[39m }
 [90m     |[39m                       [31m[1m^[22m[39m[31m[1m^[22m[39m[31m[1m^[22m[39m[31m[1m^[22m[39m[31m[1m^[22m[39m[31m[1m^[22m[39m[31m[1m^[22m[39m[31m[1m^[22m[39m[31m[1m^[22m[39m[31m[1m^[22m[39m[31m[1m^[22m[39m[31m[1m^[22m[39m[31m[1m^[22m[39m[31m[1m^[22m[39m[31m[1m^[22m[39m[31m[1m^[22m[39m[31m[1m^[22m[39m[31m[1m^[22m[39m[31m[1m^[22m[39m[31m[1m^[22m[39m
 [90m 144 |[39m[0m

Page "src/app/(admin)/admin/orders/[id]/edit/page.js" cannot use both "use client" and export function "generateStaticParams()".



./src/app/(admin)/admin/orders/[id]/page.js:146:23
Invalid page configuration
[0m [90m 144 |[39m }
 [90m 145 |[39m
[31m[1m>[22m[39m[90m 146 |[39m [36mexport[39m [36masync[39m [36mfunction[39m generateStaticParams() { [36mreturn[39m [][33m;[39m }
 [90m     |[39m                       [31m[1m^[22m[39m[31m[1m^[22m[39m[31m[1m^[22m[39m[31m[1m^[22m[39m[31m[1m^[22m[39m[31m[1m^[22m[39m[31m[1m^[22m[39m[31m[1m^[22m[39m[31m[1m^[22m[39m[31m[1m^[22m[39m[31m[1m^[22m[39m[31m[1m^[22m[39m[31m[1m^[22m[39m[31m[1m^[22m[39m[31m[1m^[22m[39m[31m[1m^[22m[39m[31m[1m^[22m[39m[31m[1m^[22m[39m[31m[1m^[22m[39m[31m[1m^[22m[39m
 [90m 147 |[39m[0m

Page "src/app/(admin)/admin/orders/[id]/page.js" cannot use both "use client" and export function "generateStaticParams()".



./src/app/(admin)/admin/orders/[id]/page.js:146:23
Invalid page configuration
[0m [90m 144 |[39m }
 [90m 145 |[39m
[31m[1m>[22m[39m[90m 146 |[39m [36mexport[39m [36masync[39m [36mfunction[39m generateStaticParams() { [36mreturn[39m [][33m;[39m }
 [90m     |[39m                       [31m[1m^[22m[39m[31m[1m^[22m[39m[31m[1m^[22m[39m[31m[1m^[22m[39m[31m[1m^[22m[39m[31m[1m^[22m[39m[31m[1m^[22m[39m[31m[1m^[22m[39m[31m[1m^[22m[39m[31m[1m^[22m[39m[31m[1m^[22m[39m[31m[1m^[22m[39m[31m[1m^[22m[39m[31m[1m^[22m[39m[31m[1m^[22m[39m[31m[1m^[22m[39m[31m[1m^[22m[39m[31m[1m^[22m[39m[31m[1m^[22m[39m[31m[1m^[22m[39m
 [90m 147 |[39m[0m

Page "src/app/(admin)/admin/orders/[id]/page.js" cannot use both "use client" and export function "generateStaticParams()".



./src/app/(admin)/admin/posts/[id]/edit/page.js:205:23
Invalid page configuration
[0m [90m 203 |[39m }
 [90m 204 |[39m
[31m[1m>[22m[39m[90m 205 |[39m [36mexport[39m [36masync[39m [36mfunction[39m generateStaticParams() { [36mreturn[39m [][33m;[39m }
 [90m     |[39m                       [31m[1m^[22m[39m[31m[1m^[22m[39m[31m[1m^[22m[39m[31m[1m^[22m[39m[31m[1m^[22m[39m[31m[1m^[22m[39m[31m[1m^[22m[39m[31m[1m^[22m[39m[31m[1m^[22m[39m[31m[1m^[22m[39m[31m[1m^[22m[39m[31m[1m^[22m[39m[31m[1m^[22m[39m[31m[1m^[22m[39m[31m[1m^[22m[39m[31m[1m^[22m[39m[31m[1m^[22m[39m[31m[1m^[22m[39m[31m[1m^[22m[39m[31m[1m^[22m[39m
 [90m 206 |[39m[0m

Page "src/app/(admin)/admin/posts/[id]/edit/page.js" cannot use both "use client" and export function "generateStaticParams()".



./src/app/(admin)/admin/posts/[id]/edit/page.js:205:23
Invalid page configuration
[0m [90m 203 |[39m }
 [90m 204 |[39m
[31m[1m>[22m[39m[90m 205 |[39m [36mexport[39m [36masync[39m [36mfunction[39m generateStaticParams() { [36mreturn[39m [][33m;[39m }
 [90m     |[39m                       [31m[1m^[22m[39m[31m[1m^[22m[39m[31m[1m^[22m[39m[31m[1m^[22m[39m[31m[1m^[22m[39m[31m[1m^[22m[39m[31m[1m^[22m[39m[31m[1m^[22m[39m[31m[1m^[22m[39m[31m[1m^[22m[39m[31m[1m^[22m[39m[31m[1m^[22m[39m[31m[1m^[22m[39m[31m[1m^[22m[39m[31m[1m^[22m[39m[31m[1m^[22m[39m[31m[1m^[22m[39m[31m[1m^[22m[39m[31m[1m^[22m[39m[31m[1m^[22m[39m
 [90m 206 |[39m[0m

Page "src/app/(admin)/admin/posts/[id]/edit/page.js" cannot use both "use client" and export function "generateStaticParams()".



./src/app/(admin)/admin/posts/[id]/page.js:112:23
Invalid page configuration
[0m [90m 110 |[39m }
 [90m 111 |[39m
[31m[1m>[22m[39m[90m 112 |[39m [36mexport[39m [36masync[39m [36mfunction[39m generateStaticParams() { [36mreturn[39m [][33m;[39m }
 [90m     |[39m                       [31m[1m^[22m[39m[31m[1m^[22m[39m[31m[1m^[22m[39m[31m[1m^[22m[39m[31m[1m^[22m[39m[31m[1m^[22m[39m[31m[1m^[22m[39m[31m[1m^[22m[39m[31m[1m^[22m[39m[31m[1m^[22m[39m[31m[1m^[22m[39m[31m[1m^[22m[39m[31m[1m^[22m[39m[31m[1m^[22m[39m[31m[1m^[22m[39m[31m[1m^[22m[39m[31m[1m^[22m[39m[31m[1m^[22m[39m[31m[1m^[22m[39m[31m[1m^[22m[39m
 [90m 113 |[39m[0m

Page "src/app/(admin)/admin/posts/[id]/page.js" cannot use both "use client" and export function "generateStaticParams()".



./src/app/(admin)/admin/posts/[id]/page.js:112:23
Invalid page configuration
[0m [90m 110 |[39m }
 [90m 111 |[39m
[31m[1m>[22m[39m[90m 112 |[39m [36mexport[39m [36masync[39m [36mfunction[39m generateStaticParams() { [36mreturn[39m [][33m;[39m }
 [90m     |[39m                       [31m[1m^[22m[39m[31m[1m^[22m[39m[31m[1m^[22m[39m[31m[1m^[22m[39m[31m[1m^[22m[39m[31m[1m^[22m[39m[31m[1m^[22m[39m[31m[1m^[22m[39m[31m[1m^[22m[39m[31m[1m^[22m[39m[31m[1m^[22m[39m[31m[1m^[22m[39m[31m[1m^[22m[39m[31m[1m^[22m[39m[31m[1m^[22m[39m[31m[1m^[22m[39m[31m[1m^[22m[39m[31m[1m^[22m[39m[31m[1m^[22m[39m[31m[1m^[22m[39m
 [90m 113 |[39m[0m

Page "src/app/(admin)/admin/posts/[id]/page.js" cannot use both "use client" and export function "generateStaticParams()".



./src/app/(admin)/admin/products/[id]/edit/page.js:388:23
Invalid page configuration
[0m [90m 386 |[39m
 [90m 387 |[39m
[31m[1m>[22m[39m[90m 388 |[39m [36mexport[39m [36masync[39m [36mfunction[39m generateStaticParams() { [36mreturn[39m [][33m;[39m }
 [90m     |[39m                       [31m[1m^[22m[39m[31m[1m^[22m[39m[31m[1m^[22m[39m[31m[1m^[22m[39m[31m[1m^[22m[39m[31m[1m^[22m[39m[31m[1m^[22m[39m[31m[1m^[22m[39m[31m[1m^[22m[39m[31m[1m^[22m[39m[31m[1m^[22m[39m[31m[1m^[22m[39m[31m[1m^[22m[39m[31m[1m^[22m[39m[31m[1m^[22m[39m[31m[1m^[22m[39m[31m[1m^[22m[39m[31m[1m^[22m[39m[31m[1m^[22m[39m[31m[1m^[22m[39m
 [90m 389 |[39m[0m

Page "src/app/(admin)/admin/products/[id]/edit/page.js" cannot use both "use client" and export function "generateStaticParams()".



./src/app/(admin)/admin/products/[id]/edit/page.js:388:23
Invalid page configuration
[0m [90m 386 |[39m
 [90m 387 |[39m
[31m[1m>[22m[39m[90m 388 |[39m [36mexport[39m [36masync[39m [36mfunction[39m generateStaticParams() { [36mreturn[39m [][33m;[39m }
 [90m     |[39m                       [31m[1m^[22m[39m[31m[1m^[22m[39m[31m[1m^[22m[39m[31m[1m^[22m[39m[31m[1m^[22m[39m[31m[1m^[22m[39m[31m[1m^[22m[39m[31m[1m^[22m[39m[31m[1m^[22m[39m[31m[1m^[22m[39m[31m[1m^[22m[39m[31m[1m^[22m[39m[31m[1m^[22m[39m[31m[1m^[22m[39m[31m[1m^[22m[39m[31m[1m^[22m[39m[31m[1m^[22m[39m[31m[1m^[22m[39m[31m[1m^[22m[39m[31m[1m^[22m[39m
 [90m 389 |[39m[0m

Page "src/app/(admin)/admin/products/[id]/edit/page.js" cannot use both "use client" and export function "generateStaticParams()".



./src/app/(admin)/admin/products/[id]/page.js:172:23
Invalid page configuration
[0m [90m 170 |[39m }
 [90m 171 |[39m
[31m[1m>[22m[39m[90m 172 |[39m [36mexport[39m [36masync[39m [36mfunction[39m generateStaticParams() { [36mreturn[39m [][33m;[39m }
 [90m     |[39m                       [31m[1m^[22m[39m[31m[1m^[22m[39m[31m[1m^[22m[39m[31m[1m^[22m[39m[31m[1m^[22m[39m[31m[1m^[22m[39m[31m[1m^[22m[39m[31m[1m^[22m[39m[31m[1m^[22m[39m[31m[1m^[22m[39m[31m[1m^[22m[39m[31m[1m^[22m[39m[31m[1m^[22m[39m[31m[1m^[22m[39m[31m[1m^[22m[39m[31m[1m^[22m[39m[31m[1m^[22m[39m[31m[1m^[22m[39m[31m[1m^[22m[39m[31m[1m^[22m[39m
 [90m 173 |[39m[0m

Page "src/app/(admin)/admin/products/[id]/page.js" cannot use both "use client" and export function "generateStaticParams()".



./src/app/(admin)/admin/products/[id]/page.js:172:23
Invalid page configuration
[0m [90m 170 |[39m }
 [90m 171 |[39m
[31m[1m>[22m[39m[90m 172 |[39m [36mexport[39m [36masync[39m [36mfunction[39m generateStaticParams() { [36mreturn[39m [][33m;[39m }
 [90m     |[39m                       [31m[1m^[22m[39m[31m[1m^[22m[39m[31m[1m^[22m[39m[31m[1m^[22m[39m[31m[1m^[22m[39m[31m[1m^[22m[39m[31m[1m^[22m[39m[31m[1m^[22m[39m[31m[1m^[22m[39m[31m[1m^[22m[39m[31m[1m^[22m[39m[31m[1m^[22m[39m[31m[1m^[22m[39m[31m[1m^[22m[39m[31m[1m^[22m[39m[31m[1m^[22m[39m[31m[1m^[22m[39m[31m[1m^[22m[39m[31m[1m^[22m[39m[31m[1m^[22m[39m
 [90m 173 |[39m[0m

Page "src/app/(admin)/admin/products/[id]/page.js" cannot use both "use client" and export function "generateStaticParams()".



./src/app/(admin)/admin/sales/[id]/edit/page.js:174:23
Invalid page configuration
[0m [90m 172 |[39m }
 [90m 173 |[39m
[31m[1m>[22m[39m[90m 174 |[39m [36mexport[39m [36masync[39m [36mfunction[39m generateStaticParams() { [36mreturn[39m [][33m;[39m }
 [90m     |[39m                       [31m[1m^[22m[39m[31m[1m^[22m[39m[31m[1m^[22m[39m[31m[1m^[22m[39m[31m[1m^[22m[39m[31m[1m^[22m[39m[31m[1m^[22m[39m[31m[1m^[22m[39m[31m[1m^[22m[39m[31m[1m^[22m[39m[31m[1m^[22m[39m[31m[1m^[22m[39m[31m[1m^[22m[39m[31m[1m^[22m[39m[31m[1m^[22m[39m[31m[1m^[22m[39m[31m[1m^[22m[39m[31m[1m^[22m[39m[31m[1m^[22m[39m[31m[1m^[22m[39m
 [90m 175 |[39m[0m

Page "src/app/(admin)/admin/sales/[id]/edit/page.js" cannot use both "use client" and export function "generateStaticParams()".



./src/app/(admin)/admin/sales/[id]/edit/page.js:174:23
Invalid page configuration
[0m [90m 172 |[39m }
 [90m 173 |[39m
[31m[1m>[22m[39m[90m 174 |[39m [36mexport[39m [36masync[39m [36mfunction[39m generateStaticParams() { [36mreturn[39m [][33m;[39m }
 [90m     |[39m                       [31m[1m^[22m[39m[31m[1m^[22m[39m[31m[1m^[22m[39m[31m[1m^[22m[39m[31m[1m^[22m[39m[31m[1m^[22m[39m[31m[1m^[22m[39m[31m[1m^[22m[39m[31m[1m^[22m[39m[31m[1m^[22m[39m[31m[1m^[22m[39m[31m[1m^[22m[39m[31m[1m^[22m[39m[31m[1m^[22m[39m[31m[1m^[22m[39m[31m[1m^[22m[39m[31m[1m^[22m[39m[31m[1m^[22m[39m[31m[1m^[22m[39m[31m[1m^[22m[39m
 [90m 175 |[39m[0m

Page "src/app/(admin)/admin/sales/[id]/edit/page.js" cannot use both "use client" and export function "generateStaticParams()".



./src/app/(admin)/admin/sales/[id]/page.js:149:23
Invalid page configuration
[0m [90m 147 |[39m }
 [90m 148 |[39m
[31m[1m>[22m[39m[90m 149 |[39m [36mexport[39m [36masync[39m [36mfunction[39m generateStaticParams() { [36mreturn[39m [][33m;[39m }
 [90m     |[39m                       [31m[1m^[22m[39m[31m[1m^[22m[39m[31m[1m^[22m[39m[31m[1m^[22m[39m[31m[1m^[22m[39m[31m[1m^[22m[39m[31m[1m^[22m[39m[31m[1m^[22m[39m[31m[1m^[22m[39m[31m[1m^[22m[39m[31m[1m^[22m[39m[31m[1m^[22m[39m[31m[1m^[22m[39m[31m[1m^[22m[39m[31m[1m^[22m[39m[31m[1m^[22m[39m[31m[1m^[22m[39m[31m[1m^[22m[39m[31m[1m^[22m[39m[31m[1m^[22m[39m
 [90m 150 |[39m[0m

Page "src/app/(admin)/admin/sales/[id]/page.js" cannot use both "use client" and export function "generateStaticParams()".



./src/app/(admin)/admin/sales/[id]/page.js:149:23
Invalid page configuration
[0m [90m 147 |[39m }
 [90m 148 |[39m
[31m[1m>[22m[39m[90m 149 |[39m [36mexport[39m [36masync[39m [36mfunction[39m generateStaticParams() { [36mreturn[39m [][33m;[39m }
 [90m     |[39m                       [31m[1m^[22m[39m[31m[1m^[22m[39m[31m[1m^[22m[39m[31m[1m^[22m[39m[31m[1m^[22m[39m[31m[1m^[22m[39m[31m[1m^[22m[39m[31m[1m^[22m[39m[31m[1m^[22m[39m[31m[1m^[22m[39m[31m[1m^[22m[39m[31m[1m^[22m[39m[31m[1m^[22m[39m[31m[1m^[22m[39m[31m[1m^[22m[39m[31m[1m^[22m[39m[31m[1m^[22m[39m[31m[1m^[22m[39m[31m[1m^[22m[39m[31m[1m^[22m[39m
 [90m 150 |[39m[0m

Page "src/app/(admin)/admin/sales/[id]/page.js" cannot use both "use client" and export function "generateStaticParams()".



./src/app/(admin)/admin/settings/[id]/edit/page.js:168:23
Invalid page configuration
[0m [90m 166 |[39m }
 [90m 167 |[39m
[31m[1m>[22m[39m[90m 168 |[39m [36mexport[39m [36masync[39m [36mfunction[39m generateStaticParams() { [36mreturn[39m [][33m;[39m }
 [90m     |[39m                       [31m[1m^[22m[39m[31m[1m^[22m[39m[31m[1m^[22m[39m[31m[1m^[22m[39m[31m[1m^[22m[39m[31m[1m^[22m[39m[31m[1m^[22m[39m[31m[1m^[22m[39m[31m[1m^[22m[39m[31m[1m^[22m[39m[31m[1m^[22m[39m[31m[1m^[22m[39m[31m[1m^[22m[39m[31m[1m^[22m[39m[31m[1m^[22m[39m[31m[1m^[22m[39m[31m[1m^[22m[39m[31m[1m^[22m[39m[31m[1m^[22m[39m[31m[1m^[22m[39m
 [90m 169 |[39m[0m

Page "src/app/(admin)/admin/settings/[id]/edit/page.js" cannot use both "use client" and export function "generateStaticParams()".



./src/app/(admin)/admin/settings/[id]/edit/page.js:168:23
Invalid page configuration
[0m [90m 166 |[39m }
 [90m 167 |[39m
[31m[1m>[22m[39m[90m 168 |[39m [36mexport[39m [36masync[39m [36mfunction[39m generateStaticParams() { [36mreturn[39m [][33m;[39m }
 [90m     |[39m                       [31m[1m^[22m[39m[31m[1m^[22m[39m[31m[1m^[22m[39m[31m[1m^[22m[39m[31m[1m^[22m[39m[31m[1m^[22m[39m[31m[1m^[22m[39m[31m[1m^[22m[39m[31m[1m^[22m[39m[31m[1m^[22m[39m[31m[1m^[22m[39m[31m[1m^[22m[39m[31m[1m^[22m[39m[31m[1m^[22m[39m[31m[1m^[22m[39m[31m[1m^[22m[39m[31m[1m^[22m[39m[31m[1m^[22m[39m[31m[1m^[22m[39m[31m[1m^[22m[39m
 [90m 169 |[39m[0m

Page "src/app/(admin)/admin/settings/[id]/edit/page.js" cannot use both "use client" and export function "generateStaticParams()".



./src/app/(admin)/admin/settings/[id]/page.js:101:23
Invalid page configuration
[0m [90m  99 |[39m }
 [90m 100 |[39m
[31m[1m>[22m[39m[90m 101 |[39m [36mexport[39m [36masync[39m [36mfunction[39m generateStaticParams() { [36mreturn[39m [][33m;[39m }
 [90m     |[39m                       [31m[1m^[22m[39m[31m[1m^[22m[39m[31m[1m^[22m[39m[31m[1m^[22m[39m[31m[1m^[22m[39m[31m[1m^[22m[39m[31m[1m^[22m[39m[31m[1m^[22m[39m[31m[1m^[22m[39m[31m[1m^[22m[39m[31m[1m^[22m[39m[31m[1m^[22m[39m[31m[1m^[22m[39m[31m[1m^[22m[39m[31m[1m^[22m[39m[31m[1m^[22m[39m[31m[1m^[22m[39m[31m[1m^[22m[39m[31m[1m^[22m[39m[31m[1m^[22m[39m
 [90m 102 |[39m[0m

Page "src/app/(admin)/admin/settings/[id]/page.js" cannot use both "use client" and export function "generateStaticParams()".



./src/app/(admin)/admin/settings/[id]/page.js:101:23
Invalid page configuration
[0m [90m  99 |[39m }
 [90m 100 |[39m
[31m[1m>[22m[39m[90m 101 |[39m [36mexport[39m [36masync[39m [36mfunction[39m generateStaticParams() { [36mreturn[39m [][33m;[39m }
 [90m     |[39m                       [31m[1m^[22m[39m[31m[1m^[22m[39m[31m[1m^[22m[39m[31m[1m^[22m[39m[31m[1m^[22m[39m[31m[1m^[22m[39m[31m[1m^[22m[39m[31m[1m^[22m[39m[31m[1m^[22m[39m[31m[1m^[22m[39m[31m[1m^[22m[39m[31m[1m^[22m[39m[31m[1m^[22m[39m[31m[1m^[22m[39m[31m[1m^[22m[39m[31m[1m^[22m[39m[31m[1m^[22m[39m[31m[1m^[22m[39m[31m[1m^[22m[39m[31m[1m^[22m[39m
 [90m 102 |[39m[0m

Page "src/app/(admin)/admin/settings/[id]/page.js" cannot use both "use client" and export function "generateStaticParams()".



./src/app/(admin)/admin/users/[id]/edit/page.js:141:23
Invalid page configuration
[0m [90m 139 |[39m }
 [90m 140 |[39m
[31m[1m>[22m[39m[90m 141 |[39m [36mexport[39m [36masync[39m [36mfunction[39m generateStaticParams() { [36mreturn[39m [][33m;[39m }
 [90m     |[39m                       [31m[1m^[22m[39m[31m[1m^[22m[39m[31m[1m^[22m[39m[31m[1m^[22m[39m[31m[1m^[22m[39m[31m[1m^[22m[39m[31m[1m^[22m[39m[31m[1m^[22m[39m[31m[1m^[22m[39m[31m[1m^[22m[39m[31m[1m^[22m[39m[31m[1m^[22m[39m[31m[1m^[22m[39m[31m[1m^[22m[39m[31m[1m^[22m[39m[31m[1m^[22m[39m[31m[1m^[22m[39m[31m[1m^[22m[39m[31m[1m^[22m[39m[31m[1m^[22m[39m
 [90m 142 |[39m[0m

Page "src/app/(admin)/admin/users/[id]/edit/page.js" cannot use both "use client" and export function "generateStaticParams()".



./src/app/(admin)/admin/users/[id]/edit/page.js:141:23
Invalid page configuration
[0m [90m 139 |[39m }
 [90m 140 |[39m
[31m[1m>[22m[39m[90m 141 |[39m [36mexport[39m [36masync[39m [36mfunction[39m generateStaticParams() { [36mreturn[39m [][33m;[39m }
 [90m     |[39m                       [31m[1m^[22m[39m[31m[1m^[22m[39m[31m[1m^[22m[39m[31m[1m^[22m[39m[31m[1m^[22m[39m[31m[1m^[22m[39m[31m[1m^[22m[39m[31m[1m^[22m[39m[31m[1m^[22m[39m[31m[1m^[22m[39m[31m[1m^[22m[39m[31m[1m^[22m[39m[31m[1m^[22m[39m[31m[1m^[22m[39m[31m[1m^[22m[39m[31m[1m^[22m[39m[31m[1m^[22m[39m[31m[1m^[22m[39m[31m[1m^[22m[39m[31m[1m^[22m[39m
 [90m 142 |[39m[0m

Page "src/app/(admin)/admin/users/[id]/edit/page.js" cannot use both "use client" and export function "generateStaticParams()".



./src/app/(admin)/admin/users/[id]/page.js:70:23
Invalid page configuration
[0m [90m 68 |[39m }
 [90m 69 |[39m
[31m[1m>[22m[39m[90m 70 |[39m [36mexport[39m [36masync[39m [36mfunction[39m generateStaticParams() { [36mreturn[39m [][33m;[39m }
 [90m    |[39m                       [31m[1m^[22m[39m[31m[1m^[22m[39m[31m[1m^[22m[39m[31m[1m^[22m[39m[31m[1m^[22m[39m[31m[1m^[22m[39m[31m[1m^[22m[39m[31m[1m^[22m[39m[31m[1m^[22m[39m[31m[1m^[22m[39m[31m[1m^[22m[39m[31m[1m^[22m[39m[31m[1m^[22m[39m[31m[1m^[22m[39m[31m[1m^[22m[39m[31m[1m^[22m[39m[31m[1m^[22m[39m[31m[1m^[22m[39m[31m[1m^[22m[39m[31m[1m^[22m[39m
 [90m 71 |[39m[0m

Page "src/app/(admin)/admin/users/[id]/page.js" cannot use both "use client" and export function "generateStaticParams()".



./src/app/(admin)/admin/users/[id]/page.js:70:23
Invalid page configuration
[0m [90m 68 |[39m }
 [90m 69 |[39m
[31m[1m>[22m[39m[90m 70 |[39m [36mexport[39m [36masync[39m [36mfunction[39m generateStaticParams() { [36mreturn[39m [][33m;[39m }
 [90m    |[39m                       [31m[1m^[22m[39m[31m[1m^[22m[39m[31m[1m^[22m[39m[31m[1m^[22m[39m[31m[1m^[22m[39m[31m[1m^[22m[39m[31m[1m^[22m[39m[31m[1m^[22m[39m[31m[1m^[22m[39m[31m[1m^[22m[39m[31m[1m^[22m[39m[31m[1m^[22m[39m[31m[1m^[22m[39m[31m[1m^[22m[39m[31m[1m^[22m[39m[31m[1m^[22m[39m[31m[1m^[22m[39m[31m[1m^[22m[39m[31m[1m^[22m[39m[31m[1m^[22m[39m
 [90m 71 |[39m[0m

Page "src/app/(admin)/admin/users/[id]/page.js" cannot use both "use client" and export function "generateStaticParams()".



./src/app/(site)/orders/[id]/page.js:156:23
Invalid page configuration
[0m [90m 154 |[39m }
 [90m 155 |[39m
[31m[1m>[22m[39m[90m 156 |[39m [36mexport[39m [36masync[39m [36mfunction[39m generateStaticParams() { [36mreturn[39m [][33m;[39m }
 [90m     |[39m                       [31m[1m^[22m[39m[31m[1m^[22m[39m[31m[1m^[22m[39m[31m[1m^[22m[39m[31m[1m^[22m[39m[31m[1m^[22m[39m[31m[1m^[22m[39m[31m[1m^[22m[39m[31m[1m^[22m[39m[31m[1m^[22m[39m[31m[1m^[22m[39m[31m[1m^[22m[39m[31m[1m^[22m[39m[31m[1m^[22m[39m[31m[1m^[22m[39m[31m[1m^[22m[39m[31m[1m^[22m[39m[31m[1m^[22m[39m[31m[1m^[22m[39m[31m[1m^[22m[39m
 [90m 157 |[39m[0m

Page "src/app/(site)/orders/[id]/page.js" cannot use both "use client" and export function "generateStaticParams()".



./src/app/(site)/orders/[id]/page.js:156:23
Invalid page configuration
[0m [90m 154 |[39m }
 [90m 155 |[39m
[31m[1m>[22m[39m[90m 156 |[39m [36mexport[39m [36masync[39m [36mfunction[39m generateStaticParams() { [36mreturn[39m [][33m;[39m }
 [90m     |[39m                       [31m[1m^[22m[39m[31m[1m^[22m[39m[31m[1m^[22m[39m[31m[1m^[22m[39m[31m[1m^[22m[39m[31m[1m^[22m[39m[31m[1m^[22m[39m[31m[1m^[22m[39m[31m[1m^[22m[39m[31m[1m^[22m[39m[31m[1m^[22m[39m[31m[1m^[22m[39m[31m[1m^[22m[39m[31m[1m^[22m[39m[31m[1m^[22m[39m[31m[1m^[22m[39m[31m[1m^[22m[39m[31m[1m^[22m[39m[31m[1m^[22m[39m[31m[1m^[22m[39m
 [90m 157 |[39m[0m

Page "src/app/(site)/orders/[id]/page.js" cannot use both "use client" and export function "generateStaticParams()".



./src/app/(site)/posts/[slug]/page.js:72:23
Invalid page configuration
[0m [90m 70 |[39m }
 [90m 71 |[39m
[31m[1m>[22m[39m[90m 72 |[39m [36mexport[39m [36masync[39m [36mfunction[39m generateStaticParams() { [36mreturn[39m [][33m;[39m }
 [90m    |[39m                       [31m[1m^[22m[39m[31m[1m^[22m[39m[31m[1m^[22m[39m[31m[1m^[22m[39m[31m[1m^[22m[39m[31m[1m^[22m[39m[31m[1m^[22m[39m[31m[1m^[22m[39m[31m[1m^[22m[39m[31m[1m^[22m[39m[31m[1m^[22m[39m[31m[1m^[22m[39m[31m[1m^[22m[39m[31m[1m^[22m[39m[31m[1m^[22m[39m[31m[1m^[22m[39m[31m[1m^[22m[39m[31m[1m^[22m[39m[31m[1m^[22m[39m[31m[1m^[22m[39m
 [90m 73 |[39m[0m

Page "src/app/(site)/posts/[slug]/page.js" cannot use both "use client" and export function "generateStaticParams()".



./src/app/(site)/posts/[slug]/page.js:72:23
Invalid page configuration
[0m [90m 70 |[39m }
 [90m 71 |[39m
[31m[1m>[22m[39m[90m 72 |[39m [36mexport[39m [36masync[39m [36mfunction[39m generateStaticParams() { [36mreturn[39m [][33m;[39m }
 [90m    |[39m                       [31m[1m^[22m[39m[31m[1m^[22m[39m[31m[1m^[22m[39m[31m[1m^[22m[39m[31m[1m^[22m[39m[31m[1m^[22m[39m[31m[1m^[22m[39m[31m[1m^[22m[39m[31m[1m^[22m[39m[31m[1m^[22m[39m[31m[1m^[22m[39m[31m[1m^[22m[39m[31m[1m^[22m[39m[31m[1m^[22m[39m[31m[1m^[22m[39m[31m[1m^[22m[39m[31m[1m^[22m[39m[31m[1m^[22m[39m[31m[1m^[22m[39m[31m[1m^[22m[39m
 [90m 73 |[39m[0m

Page "src/app/(site)/posts/[slug]/page.js" cannot use both "use client" and export function "generateStaticParams()".



./src/app/(site)/products/[slug]/page.js:261:23
Invalid page configuration
[0m [90m 259 |[39m }
 [90m 260 |[39m
[31m[1m>[22m[39m[90m 261 |[39m [36mexport[39m [36masync[39m [36mfunction[39m generateStaticParams() { [36mreturn[39m [][33m;[39m }
 [90m     |[39m                       [31m[1m^[22m[39m[31m[1m^[22m[39m[31m[1m^[22m[39m[31m[1m^[22m[39m[31m[1m^[22m[39m[31m[1m^[22m[39m[31m[1m^[22m[39m[31m[1m^[22m[39m[31m[1m^[22m[39m[31m[1m^[22m[39m[31m[1m^[22m[39m[31m[1m^[22m[39m[31m[1m^[22m[39m[31m[1m^[22m[39m[31m[1m^[22m[39m[31m[1m^[22m[39m[31m[1m^[22m[39m[31m[1m^[22m[39m[31m[1m^[22m[39m[31m[1m^[22m[39m
 [90m 262 |[39m[0m

Page "src/app/(site)/products/[slug]/page.js" cannot use both "use client" and export function "generateStaticParams()".



./src/app/(site)/products/[slug]/page.js:261:23
Invalid page configuration
[0m [90m 259 |[39m }
 [90m 260 |[39m
[31m[1m>[22m[39m[90m 261 |[39m [36mexport[39m [36masync[39m [36mfunction[39m generateStaticParams() { [36mreturn[39m [][33m;[39m }
 [90m     |[39m                       [31m[1m^[22m[39m[31m[1m^[22m[39m[31m[1m^[22m[39m[31m[1m^[22m[39m[31m[1m^[22m[39m[31m[1m^[22m[39m[31m[1m^[22m[39m[31m[1m^[22m[39m[31m[1m^[22m[39m[31m[1m^[22m[39m[31m[1m^[22m[39m[31m[1m^[22m[39m[31m[1m^[22m[39m[31m[1m^[22m[39m[31m[1m^[22m[39m[31m[1m^[22m[39m[31m[1m^[22m[39m[31m[1m^[22m[39m[31m[1m^[22m[39m[31m[1m^[22m[39m
 [90m 262 |[39m[0m

Page "src/app/(site)/products/[slug]/page.js" cannot use both "use client" and export function "generateStaticParams()".



    at <unknown> (./src/app/(admin)/admin/banners/[id]/edit/page.js:177:23)
    at <unknown> (./src/app/(admin)/admin/banners/[id]/edit/page.js:177:23)
    at <unknown> (./src/app/(admin)/admin/categories/[id]/edit/page.js:200:23)
    at <unknown> (./src/app/(admin)/admin/categories/[id]/edit/page.js:200:23)
    at <unknown> (./src/app/(admin)/admin/categories/[id]/page.js:101:23)
    at <unknown> (./src/app/(admin)/admin/categories/[id]/page.js:101:23)
    at <unknown> (./src/app/(admin)/admin/contacts/[id]/edit/page.js:141:23)
    at <unknown> (./src/app/(admin)/admin/contacts/[id]/edit/page.js:141:23)
    at <unknown> (./src/app/(admin)/admin/contacts/[id]/page.js:86:23)
    at <unknown> (./src/app/(admin)/admin/contacts/[id]/page.js:86:23)
    at <unknown> (./src/app/(admin)/admin/menus/[id]/edit/page.js:96:23)
    at <unknown> (./src/app/(admin)/admin/menus/[id]/edit/page.js:96:23)
    at <unknown> (./src/app/(admin)/admin/menus/[id]/page.js:43:23)
    at <unknown> (./src/app/(admin)/admin/menus/[id]/page.js:43:23)
    at <unknown> (./src/app/(admin)/admin/orders/[id]/edit/page.js:143:23)
    at <unknown> (./src/app/(admin)/admin/orders/[id]/edit/page.js:143:23)
    at <unknown> (./src/app/(admin)/admin/orders/[id]/page.js:146:23)
    at <unknown> (./src/app/(admin)/admin/orders/[id]/page.js:146:23)
    at <unknown> (./src/app/(admin)/admin/posts/[id]/edit/page.js:205:23)
    at <unknown> (./src/app/(admin)/admin/posts/[id]/edit/page.js:205:23)
    at <unknown> (./src/app/(admin)/admin/posts/[id]/page.js:112:23)
    at <unknown> (./src/app/(admin)/admin/posts/[id]/page.js:112:23)
    at <unknown> (./src/app/(admin)/admin/products/[id]/edit/page.js:388:23)
    at <unknown> (./src/app/(admin)/admin/products/[id]/edit/page.js:388:23)
    at <unknown> (./src/app/(admin)/admin/products/[id]/page.js:172:23)
    at <unknown> (./src/app/(admin)/admin/products/[id]/page.js:172:23)
    at <unknown> (./src/app/(admin)/admin/sales/[id]/edit/page.js:174:23)
    at <unknown> (./src/app/(admin)/admin/sales/[id]/edit/page.js:174:23)
    at <unknown> (./src/app/(admin)/admin/sales/[id]/page.js:149:23)
    at <unknown> (./src/app/(admin)/admin/sales/[id]/page.js:149:23)
    at <unknown> (./src/app/(admin)/admin/settings/[id]/edit/page.js:168:23)
    at <unknown> (./src/app/(admin)/admin/settings/[id]/edit/page.js:168:23)
    at <unknown> (./src/app/(admin)/admin/settings/[id]/page.js:101:23)
    at <unknown> (./src/app/(admin)/admin/settings/[id]/page.js:101:23)
    at <unknown> (./src/app/(admin)/admin/users/[id]/edit/page.js:141:23)
    at <unknown> (./src/app/(admin)/admin/users/[id]/edit/page.js:141:23)
    at <unknown> (./src/app/(admin)/admin/users/[id]/page.js:70:23)
    at <unknown> (./src/app/(admin)/admin/users/[id]/page.js:70:23)
    at <unknown> (./src/app/(site)/orders/[id]/page.js:156:23)
    at <unknown> (./src/app/(site)/orders/[id]/page.js:156:23)
    at <unknown> (./src/app/(site)/posts/[slug]/page.js:72:23)
    at <unknown> (./src/app/(site)/posts/[slug]/page.js:72:23)
    at <unknown> (./src/app/(site)/products/[slug]/page.js:261:23)
    at <unknown> (./src/app/(site)/products/[slug]/page.js:261:23)
